e:\atm\licenta!!!\licenta\softhsm\softhsm\debug\vc120.pdb
e:\atm\licenta!!!\licenta\softhsm\softhsm\debug\softhsm.obj
e:\atm\licenta!!!\licenta\softhsm\softhsm\debug\p11objects.obj
e:\atm\licenta!!!\licenta\softhsm\softhsm\debug\p11attributes.obj
e:\atm\licenta!!!\licenta\softhsm\softhsm\debug\main.obj
e:\atm\licenta!!!\licenta\softhsm\softhsm\debug\dllmain.obj
e:\atm\licenta!!!\licenta\softhsm\softhsm\debug\access.obj
e:\atm\licenta!!!\licenta\softhsm\softhsm\debug\userpopupwindow.obj
e:\atm\licenta!!!\licenta\softhsm\softhsm\debug\credentials.obj
e:\atm\licenta!!!\licenta\softhsm\softhsm\debug\.netframework,version=v4.5.assemblyattributes.obj
e:\atm\licenta!!!\licenta\softhsm\debug\softhsm.dll
e:\atm\licenta!!!\licenta\softhsm\debug\softhsm.pdb
e:\atm\licenta!!!\licenta\softhsm\softhsm\debug\softhsm.tlog\metagen.write.1.tlog
e:\atm\licenta!!!\licenta\softhsm\debug\wrapper.dll
e:\atm\licenta!!!\licenta\softhsm\debug\rgiesecke.dllexport.metadata.dll
e:\atm\licenta!!!\licenta\softhsm\debug\wrapper.pdb
e:\atm\licenta!!!\licenta\softhsm\debug\softhsm.lib
e:\atm\licenta!!!\licenta\softhsm\debug\softhsm.exp
e:\atm\licenta!!!\licenta\softhsm\softhsm\debug\softhsm.vcxprojresolveassemblyreference.cache
e:\atm\licenta!!!\licenta\softhsm\softhsm\debug\softhsm.tlog\cl.command.1.tlog
e:\atm\licenta!!!\licenta\softhsm\softhsm\debug\softhsm.tlog\cl.read.1.tlog
e:\atm\licenta!!!\licenta\softhsm\softhsm\debug\softhsm.tlog\cl.write.1.tlog
e:\atm\licenta!!!\licenta\softhsm\softhsm\debug\softhsm.tlog\link.command.1.tlog
e:\atm\licenta!!!\licenta\softhsm\softhsm\debug\softhsm.tlog\link.read.1.tlog
e:\atm\licenta!!!\licenta\softhsm\softhsm\debug\softhsm.tlog\link.write.1.tlog
e:\atm\licenta!!!\licenta\softhsm\softhsm\debug\softhsm.tlog\metagen.read.1.tlog
e:\atm\licenta!!!\licenta\softhsm\softhsm\debug\softhsm.tlog\softhsm.write.1u.tlog
e:\atm\licenta!!!\licenta\softhsm\softhsm\debug\softhsm.tlog\wrapper.dll.metagen
e:\atm\licenta!!!\licenta\softhsm\softhsm\debug\softhsm.tlog\tzres.dll.bi
